

Started GET "/play/scissors" for ::1 at 2016-04-16 16:00:58 -0500
Processing by GameController#rps as HTML
  Parameters: {"the_move"=>"scissors"}
  Rendered game/rps.html.erb within layouts/application (2.0ms)
Completed 200 OK in 828ms (Views: 827.7ms | ActiveRecord: 0.0ms)


Started GET "/play/rock" for ::1 at 2016-04-16 16:07:03 -0500
Processing by GameController#rps as HTML
  Parameters: {"the_move"=>"rock"}
  Rendered game/rps.html.erb within layouts/application (0.0ms)
Completed 200 OK in 79ms (Views: 78.6ms | ActiveRecord: 0.0ms)


Started GET "/play/rock" for ::1 at 2016-04-16 16:08:53 -0500
Processing by GameController#rps as HTML
  Parameters: {"the_move"=>"rock"}
  Rendered game/rps.html.erb within layouts/application (0.0ms)
Completed 200 OK in 77ms (Views: 76.4ms | ActiveRecord: 0.0ms)


Started GET "/play/rock" for ::1 at 2016-04-16 16:16:01 -0500
Processing by GameController#rps as HTML
  Parameters: {"the_move"=>"rock"}
Completed 500 Internal Server Error in 4ms (ActiveRecord: 0.0ms)

NameError (undefined local variable or method `computer_move' for #<GameController:0x91250b8>):
  app/controllers/game_controller.rb:17:in `rps'


  Rendered C:/RailsInstaller/Ruby2.2.0/lib/ruby/gems/2.2.0/gems/actionpack-4.2.6/lib/action_dispatch/middleware/templates/rescues/_source.erb (2.0ms)
  Rendered C:/RailsInstaller/Ruby2.2.0/lib/ruby/gems/2.2.0/gems/actionpack-4.2.6/lib/action_dispatch/middleware/templates/rescues/_trace.html.erb (4.5ms)
  Rendered C:/RailsInstaller/Ruby2.2.0/lib/ruby/gems/2.2.0/gems/actionpack-4.2.6/lib/action_dispatch/middleware/templates/rescues/_request_and_response.html.erb (2.0ms)
  Rendered C:/RailsInstaller/Ruby2.2.0/lib/ruby/gems/2.2.0/gems/actionpack-4.2.6/lib/action_dispatch/middleware/templates/rescues/diagnostics.html.erb within rescues/layout (723.4ms)
  Rendered C:/RailsInstaller/Ruby2.2.0/lib/ruby/gems/2.2.0/gems/web-console-2.3.0/lib/web_console/templates/_markup.html.erb (1.0ms)
  Rendered C:/RailsInstaller/Ruby2.2.0/lib/ruby/gems/2.2.0/gems/web-console-2.3.0/lib/web_console/templates/_inner_console_markup.html.erb within layouts/inlined_string (1.0ms)
  Rendered C:/RailsInstaller/Ruby2.2.0/lib/ruby/gems/2.2.0/gems/web-console-2.3.0/lib/web_console/templates/_prompt_box_markup.html.erb within layouts/inlined_string (1.0ms)
  Rendered C:/RailsInstaller/Ruby2.2.0/lib/ruby/gems/2.2.0/gems/web-console-2.3.0/lib/web_console/templates/style.css.erb within layouts/inlined_string (1.0ms)
  Rendered C:/RailsInstaller/Ruby2.2.0/lib/ruby/gems/2.2.0/gems/web-console-2.3.0/lib/web_console/templates/console.js.erb within layouts/javascript (724.1ms)
  Rendered C:/RailsInstaller/Ruby2.2.0/lib/ruby/gems/2.2.0/gems/web-console-2.3.0/lib/web_console/templates/main.js.erb within layouts/javascript (1.0ms)
  Rendered C:/RailsInstaller/Ruby2.2.0/lib/ruby/gems/2.2.0/gems/web-console-2.3.0/lib/web_console/templates/error_page.js.erb within layouts/javascript (0.0ms)
  Rendered C:/RailsInstaller/Ruby2.2.0/lib/ruby/gems/2.2.0/gems/web-console-2.3.0/lib/web_console/templates/index.html.erb (1590.1ms)


Started GET "/play/rock" for ::1 at 2016-04-16 16:16:11 -0500
Processing by GameController#rps as HTML
  Parameters: {"the_move"=>"rock"}
Completed 500 Internal Server Error in 4ms (ActiveRecord: 0.0ms)

NameError (undefined local variable or method `computer_move' for #<GameController:0x7e167e8>):
  app/controllers/game_controller.rb:17:in `rps'


  Rendered C:/RailsInstaller/Ruby2.2.0/lib/ruby/gems/2.2.0/gems/actionpack-4.2.6/lib/action_dispatch/middleware/templates/rescues/_source.erb (2.0ms)
  Rendered C:/RailsInstaller/Ruby2.2.0/lib/ruby/gems/2.2.0/gems/actionpack-4.2.6/lib/action_dispatch/middleware/templates/rescues/_trace.html.erb (4.0ms)
  Rendered C:/RailsInstaller/Ruby2.2.0/lib/ruby/gems/2.2.0/gems/actionpack-4.2.6/lib/action_dispatch/middleware/templates/rescues/_request_and_response.html.erb (2.0ms)
  Rendered C:/RailsInstaller/Ruby2.2.0/lib/ruby/gems/2.2.0/gems/actionpack-4.2.6/lib/action_dispatch/middleware/templates/rescues/diagnostics.html.erb within rescues/layout (686.6ms)
  Rendered C:/RailsInstaller/Ruby2.2.0/lib/ruby/gems/2.2.0/gems/web-console-2.3.0/lib/web_console/templates/_markup.html.erb (0.0ms)
  Rendered C:/RailsInstaller/Ruby2.2.0/lib/ruby/gems/2.2.0/gems/web-console-2.3.0/lib/web_console/templates/_inner_console_markup.html.erb within layouts/inlined_string (1.0ms)
  Rendered C:/RailsInstaller/Ruby2.2.0/lib/ruby/gems/2.2.0/gems/web-console-2.3.0/lib/web_console/templates/_prompt_box_markup.html.erb within layouts/inlined_string (0.0ms)
  Rendered C:/RailsInstaller/Ruby2.2.0/lib/ruby/gems/2.2.0/gems/web-console-2.3.0/lib/web_console/templates/style.css.erb within layouts/inlined_string (1.0ms)
  Rendered C:/RailsInstaller/Ruby2.2.0/lib/ruby/gems/2.2.0/gems/web-console-2.3.0/lib/web_console/templates/console.js.erb within layouts/javascript (658.5ms)
  Rendered C:/RailsInstaller/Ruby2.2.0/lib/ruby/gems/2.2.0/gems/web-console-2.3.0/lib/web_console/templates/main.js.erb within layouts/javascript (1.0ms)
  Rendered C:/RailsInstaller/Ruby2.2.0/lib/ruby/gems/2.2.0/gems/web-console-2.3.0/lib/web_console/templates/error_page.js.erb within layouts/javascript (1.0ms)
  Rendered C:/RailsInstaller/Ruby2.2.0/lib/ruby/gems/2.2.0/gems/web-console-2.3.0/lib/web_console/templates/index.html.erb (1492.2ms)


Started GET "/play/rock" for ::1 at 2016-04-16 16:17:14 -0500
Processing by GameController#rps as HTML
  Parameters: {"the_move"=>"rock"}
  Rendered game/rps.html.erb within layouts/application (0.0ms)
Completed 200 OK in 78ms (Views: 77.6ms | ActiveRecord: 0.0ms)


Started GET "/play/paper" for ::1 at 2016-04-16 16:17:20 -0500
Processing by GameController#rps as HTML
  Parameters: {"the_move"=>"paper"}
  Rendered game/rps.html.erb within layouts/application (0.0ms)
Completed 200 OK in 79ms (Views: 77.6ms | ActiveRecord: 0.0ms)


Started GET "/play/scissors" for ::1 at 2016-04-16 16:17:23 -0500
Processing by GameController#rps as HTML
  Parameters: {"the_move"=>"scissors"}
  Rendered game/rps.html.erb within layouts/application (0.0ms)
Completed 200 OK in 86ms (Views: 86.2ms | ActiveRecord: 0.0ms)


Started GET "/play/scissors" for ::1 at 2016-04-16 16:17:59 -0500
Processing by GameController#rps as HTML
  Parameters: {"the_move"=>"scissors"}
  Rendered game/rps.html.erb within layouts/application (1.0ms)
Completed 200 OK in 97ms (Views: 97.0ms | ActiveRecord: 0.0ms)


Started GET "/play/rock" for ::1 at 2016-04-16 16:18:02 -0500
Processing by GameController#rps as HTML
  Parameters: {"the_move"=>"rock"}
  Rendered game/rps.html.erb within layouts/application (0.0ms)
Completed 200 OK in 88ms (Views: 87.9ms | ActiveRecord: 0.0ms)


Started GET "/play/paper" for ::1 at 2016-04-16 16:18:05 -0500
Processing by GameController#rps as HTML
  Parameters: {"the_move"=>"paper"}
  Rendered game/rps.html.erb within layouts/application (0.0ms)
Completed 200 OK in 100ms (Views: 99.6ms | ActiveRecord: 0.0ms)


Started GET "/play/rock" for ::1 at 2016-04-22 13:20:15 -0500
Processing by GameController#rps as HTML
  Parameters: {"the_move"=>"rock"}
Completed 500 Internal Server Error in 129862ms (ActiveRecord: 0.0ms)

NameError (undefined local variable or method `computer_move' for #<GameController:0x5937948>):
  app/controllers/game_controller.rb:23:in `rps'


  Rendered C:/RailsInstaller/Ruby2.2.0/lib/ruby/gems/2.2.0/gems/actionpack-4.2.6/lib/action_dispatch/middleware/templates/rescues/_source.erb (0.0ms)
  Rendered C:/RailsInstaller/Ruby2.2.0/lib/ruby/gems/2.2.0/gems/actionpack-4.2.6/lib/action_dispatch/middleware/templates/rescues/_trace.html.erb (3.0ms)
  Rendered C:/RailsInstaller/Ruby2.2.0/lib/ruby/gems/2.2.0/gems/actionpack-4.2.6/lib/action_dispatch/middleware/templates/rescues/_request_and_response.html.erb (10.0ms)
  Rendered C:/RailsInstaller/Ruby2.2.0/lib/ruby/gems/2.2.0/gems/actionpack-4.2.6/lib/action_dispatch/middleware/templates/rescues/diagnostics.html.erb within rescues/layout (594.1ms)
  Rendered C:/RailsInstaller/Ruby2.2.0/lib/ruby/gems/2.2.0/gems/web-console-2.3.0/lib/web_console/templates/_markup.html.erb (1.0ms)
  Rendered C:/RailsInstaller/Ruby2.2.0/lib/ruby/gems/2.2.0/gems/web-console-2.3.0/lib/web_console/templates/_inner_console_markup.html.erb within layouts/inlined_string (1.0ms)
  Rendered C:/RailsInstaller/Ruby2.2.0/lib/ruby/gems/2.2.0/gems/web-console-2.3.0/lib/web_console/templates/_prompt_box_markup.html.erb within layouts/inlined_string (0.0ms)
  Rendered C:/RailsInstaller/Ruby2.2.0/lib/ruby/gems/2.2.0/gems/web-console-2.3.0/lib/web_console/templates/style.css.erb within layouts/inlined_string (0.0ms)
  Rendered C:/RailsInstaller/Ruby2.2.0/lib/ruby/gems/2.2.0/gems/web-console-2.3.0/lib/web_console/templates/console.js.erb within layouts/javascript (562.1ms)
  Rendered C:/RailsInstaller/Ruby2.2.0/lib/ruby/gems/2.2.0/gems/web-console-2.3.0/lib/web_console/templates/main.js.erb within layouts/javascript (0.0ms)
  Rendered C:/RailsInstaller/Ruby2.2.0/lib/ruby/gems/2.2.0/gems/web-console-2.3.0/lib/web_console/templates/error_page.js.erb within layouts/javascript (0.0ms)
  Rendered C:/RailsInstaller/Ruby2.2.0/lib/ruby/gems/2.2.0/gems/web-console-2.3.0/lib/web_console/templates/index.html.erb (1267.1ms)


Started GET "/play/paper" for ::1 at 2016-04-22 13:22:28 -0500
Processing by GameController#rps as HTML
  Parameters: {"the_move"=>"paper"}
Completed 500 Internal Server Error in 272769ms (ActiveRecord: 0.0ms)

NameError (undefined local variable or method `computer_move' for #<GameController:0x3591618>):
  app/controllers/game_controller.rb:23:in `rps'


  Rendered C:/RailsInstaller/Ruby2.2.0/lib/ruby/gems/2.2.0/gems/actionpack-4.2.6/lib/action_dispatch/middleware/templates/rescues/_source.erb (0.0ms)
  Rendered C:/RailsInstaller/Ruby2.2.0/lib/ruby/gems/2.2.0/gems/actionpack-4.2.6/lib/action_dispatch/middleware/templates/rescues/_trace.html.erb (10.0ms)
  Rendered C:/RailsInstaller/Ruby2.2.0/lib/ruby/gems/2.2.0/gems/actionpack-4.2.6/lib/action_dispatch/middleware/templates/rescues/_request_and_response.html.erb (0.0ms)
  Rendered C:/RailsInstaller/Ruby2.2.0/lib/ruby/gems/2.2.0/gems/actionpack-4.2.6/lib/action_dispatch/middleware/templates/rescues/diagnostics.html.erb within rescues/layout (560.0ms)
  Rendered C:/RailsInstaller/Ruby2.2.0/lib/ruby/gems/2.2.0/gems/web-console-2.3.0/lib/web_console/templates/_markup.html.erb (0.0ms)
  Rendered C:/RailsInstaller/Ruby2.2.0/lib/ruby/gems/2.2.0/gems/web-console-2.3.0/lib/web_console/templates/_inner_console_markup.html.erb within layouts/inlined_string (0.0ms)
  Rendered C:/RailsInstaller/Ruby2.2.0/lib/ruby/gems/2.2.0/gems/web-console-2.3.0/lib/web_console/templates/_prompt_box_markup.html.erb within layouts/inlined_string (0.0ms)
  Rendered C:/RailsInstaller/Ruby2.2.0/lib/ruby/gems/2.2.0/gems/web-console-2.3.0/lib/web_console/templates/style.css.erb within layouts/inlined_string (0.0ms)
  Rendered C:/RailsInstaller/Ruby2.2.0/lib/ruby/gems/2.2.0/gems/web-console-2.3.0/lib/web_console/templates/console.js.erb within layouts/javascript (555.0ms)
  Rendered C:/RailsInstaller/Ruby2.2.0/lib/ruby/gems/2.2.0/gems/web-console-2.3.0/lib/web_console/templates/main.js.erb within layouts/javascript (0.0ms)
  Rendered C:/RailsInstaller/Ruby2.2.0/lib/ruby/gems/2.2.0/gems/web-console-2.3.0/lib/web_console/templates/error_page.js.erb within layouts/javascript (0.0ms)
  Rendered C:/RailsInstaller/Ruby2.2.0/lib/ruby/gems/2.2.0/gems/web-console-2.3.0/lib/web_console/templates/index.html.erb (1230.1ms)


Started GET "/play/scissors" for ::1 at 2016-04-22 13:27:02 -0500
Processing by GameController#rps as HTML
  Parameters: {"the_move"=>"scissors"}
Completed   in 2040ms (ActiveRecord: 0.0ms)


Started GET "/play/rock" for ::1 at 2016-04-22 13:27:28 -0500
Processing by GameController#rps as HTML
  Parameters: {"the_move"=>"rock"}
Completed 500 Internal Server Error in 6725ms (ActiveRecord: 0.0ms)

NameError (undefined local variable or method `computer_move' for #<GameController:0x57d60b0>):
  app/controllers/game_controller.rb:23:in `rps'


  Rendered C:/RailsInstaller/Ruby2.2.0/lib/ruby/gems/2.2.0/gems/actionpack-4.2.6/lib/action_dispatch/middleware/templates/rescues/_source.erb (0.0ms)
  Rendered C:/RailsInstaller/Ruby2.2.0/lib/ruby/gems/2.2.0/gems/actionpack-4.2.6/lib/action_dispatch/middleware/templates/rescues/_trace.html.erb (2.0ms)
  Rendered C:/RailsInstaller/Ruby2.2.0/lib/ruby/gems/2.2.0/gems/actionpack-4.2.6/lib/action_dispatch/middleware/templates/rescues/_request_and_response.html.erb (11.0ms)
  Rendered C:/RailsInstaller/Ruby2.2.0/lib/ruby/gems/2.2.0/gems/actionpack-4.2.6/lib/action_dispatch/middleware/templates/rescues/diagnostics.html.erb within rescues/layout (597.1ms)
  Rendered C:/RailsInstaller/Ruby2.2.0/lib/ruby/gems/2.2.0/gems/web-console-2.3.0/lib/web_console/templates/_markup.html.erb (0.0ms)
  Rendered C:/RailsInstaller/Ruby2.2.0/lib/ruby/gems/2.2.0/gems/web-console-2.3.0/lib/web_console/templates/_inner_console_markup.html.erb within layouts/inlined_string (1.0ms)
  Rendered C:/RailsInstaller/Ruby2.2.0/lib/ruby/gems/2.2.0/gems/web-console-2.3.0/lib/web_console/templates/_prompt_box_markup.html.erb within layouts/inlined_string (0.0ms)
  Rendered C:/RailsInstaller/Ruby2.2.0/lib/ruby/gems/2.2.0/gems/web-console-2.3.0/lib/web_console/templates/style.css.erb within layouts/inlined_string (0.0ms)
  Rendered C:/RailsInstaller/Ruby2.2.0/lib/ruby/gems/2.2.0/gems/web-console-2.3.0/lib/web_console/templates/console.js.erb within layouts/javascript (552.1ms)
  Rendered C:/RailsInstaller/Ruby2.2.0/lib/ruby/gems/2.2.0/gems/web-console-2.3.0/lib/web_console/templates/main.js.erb within layouts/javascript (0.0ms)
  Rendered C:/RailsInstaller/Ruby2.2.0/lib/ruby/gems/2.2.0/gems/web-console-2.3.0/lib/web_console/templates/error_page.js.erb within layouts/javascript (0.0ms)
  Rendered C:/RailsInstaller/Ruby2.2.0/lib/ruby/gems/2.2.0/gems/web-console-2.3.0/lib/web_console/templates/index.html.erb (1255.1ms)


Started GET "/play/scissors" for ::1 at 2016-04-22 13:27:37 -0500
Processing by GameController#rps as HTML
  Parameters: {"the_move"=>"scissors"}
Completed   in 130290ms (ActiveRecord: 0.0ms)


Started GET "/play/paper" for ::1 at 2016-04-22 13:32:53 -0500
Processing by GameController#rps as HTML
  Parameters: {"the_move"=>"paper"}
Completed 500 Internal Server Error in 3ms (ActiveRecord: 0.0ms)

NameError (undefined local variable or method `computer_move' for #<GameController:0x58dddf8>):
  app/controllers/game_controller.rb:23:in `rps'


  Rendered C:/RailsInstaller/Ruby2.2.0/lib/ruby/gems/2.2.0/gems/actionpack-4.2.6/lib/action_dispatch/middleware/templates/rescues/_source.erb (0.0ms)
  Rendered C:/RailsInstaller/Ruby2.2.0/lib/ruby/gems/2.2.0/gems/actionpack-4.2.6/lib/action_dispatch/middleware/templates/rescues/_trace.html.erb (3.0ms)
  Rendered C:/RailsInstaller/Ruby2.2.0/lib/ruby/gems/2.2.0/gems/actionpack-4.2.6/lib/action_dispatch/middleware/templates/rescues/_request_and_response.html.erb (11.0ms)
  Rendered C:/RailsInstaller/Ruby2.2.0/lib/ruby/gems/2.2.0/gems/actionpack-4.2.6/lib/action_dispatch/middleware/templates/rescues/diagnostics.html.erb within rescues/layout (600.1ms)
  Rendered C:/RailsInstaller/Ruby2.2.0/lib/ruby/gems/2.2.0/gems/web-console-2.3.0/lib/web_console/templates/_markup.html.erb (1.0ms)
  Rendered C:/RailsInstaller/Ruby2.2.0/lib/ruby/gems/2.2.0/gems/web-console-2.3.0/lib/web_console/templates/_inner_console_markup.html.erb within layouts/inlined_string (0.0ms)
  Rendered C:/RailsInstaller/Ruby2.2.0/lib/ruby/gems/2.2.0/gems/web-console-2.3.0/lib/web_console/templates/_prompt_box_markup.html.erb within layouts/inlined_string (0.0ms)
  Rendered C:/RailsInstaller/Ruby2.2.0/lib/ruby/gems/2.2.0/gems/web-console-2.3.0/lib/web_console/templates/style.css.erb within layouts/inlined_string (0.0ms)
  Rendered C:/RailsInstaller/Ruby2.2.0/lib/ruby/gems/2.2.0/gems/web-console-2.3.0/lib/web_console/templates/console.js.erb within layouts/javascript (562.1ms)
  Rendered C:/RailsInstaller/Ruby2.2.0/lib/ruby/gems/2.2.0/gems/web-console-2.3.0/lib/web_console/templates/main.js.erb within layouts/javascript (0.0ms)
  Rendered C:/RailsInstaller/Ruby2.2.0/lib/ruby/gems/2.2.0/gems/web-console-2.3.0/lib/web_console/templates/error_page.js.erb within layouts/javascript (0.0ms)
  Rendered C:/RailsInstaller/Ruby2.2.0/lib/ruby/gems/2.2.0/gems/web-console-2.3.0/lib/web_console/templates/index.html.erb (1289.1ms)


Started GET "/play/rock" for ::1 at 2016-04-22 13:33:02 -0500
Processing by GameController#rps as HTML
  Parameters: {"the_move"=>"rock"}
Completed 500 Internal Server Error in 2ms (ActiveRecord: 0.0ms)

NameError (undefined local variable or method `computer_move' for #<GameController:0x425f808>):
  app/controllers/game_controller.rb:23:in `rps'


  Rendered C:/RailsInstaller/Ruby2.2.0/lib/ruby/gems/2.2.0/gems/actionpack-4.2.6/lib/action_dispatch/middleware/templates/rescues/_source.erb (1.0ms)
  Rendered C:/RailsInstaller/Ruby2.2.0/lib/ruby/gems/2.2.0/gems/actionpack-4.2.6/lib/action_dispatch/middleware/templates/rescues/_trace.html.erb (2.0ms)
  Rendered C:/RailsInstaller/Ruby2.2.0/lib/ruby/gems/2.2.0/gems/actionpack-4.2.6/lib/action_dispatch/middleware/templates/rescues/_request_and_response.html.erb (1.0ms)
  Rendered C:/RailsInstaller/Ruby2.2.0/lib/ruby/gems/2.2.0/gems/actionpack-4.2.6/lib/action_dispatch/middleware/templates/rescues/diagnostics.html.erb within rescues/layout (582.1ms)
  Rendered C:/RailsInstaller/Ruby2.2.0/lib/ruby/gems/2.2.0/gems/web-console-2.3.0/lib/web_console/templates/_markup.html.erb (1.0ms)
  Rendered C:/RailsInstaller/Ruby2.2.0/lib/ruby/gems/2.2.0/gems/web-console-2.3.0/lib/web_console/templates/_inner_console_markup.html.erb within layouts/inlined_string (0.0ms)
  Rendered C:/RailsInstaller/Ruby2.2.0/lib/ruby/gems/2.2.0/gems/web-console-2.3.0/lib/web_console/templates/_prompt_box_markup.html.erb within layouts/inlined_string (0.0ms)
  Rendered C:/RailsInstaller/Ruby2.2.0/lib/ruby/gems/2.2.0/gems/web-console-2.3.0/lib/web_console/templates/style.css.erb within layouts/inlined_string (0.0ms)
  Rendered C:/RailsInstaller/Ruby2.2.0/lib/ruby/gems/2.2.0/gems/web-console-2.3.0/lib/web_console/templates/console.js.erb within layouts/javascript (543.1ms)
  Rendered C:/RailsInstaller/Ruby2.2.0/lib/ruby/gems/2.2.0/gems/web-console-2.3.0/lib/web_console/templates/main.js.erb within layouts/javascript (0.0ms)
  Rendered C:/RailsInstaller/Ruby2.2.0/lib/ruby/gems/2.2.0/gems/web-console-2.3.0/lib/web_console/templates/error_page.js.erb within layouts/javascript (1.0ms)
  Rendered C:/RailsInstaller/Ruby2.2.0/lib/ruby/gems/2.2.0/gems/web-console-2.3.0/lib/web_console/templates/index.html.erb (1253.1ms)


Started GET "/play/scissors" for ::1 at 2016-04-22 13:33:12 -0500
Processing by GameController#rps as HTML
  Parameters: {"the_move"=>"scissors"}
Completed 500 Internal Server Error in 1ms (ActiveRecord: 0.0ms)

NameError (undefined local variable or method `computer_move' for #<GameController:0x5956548>):
  app/controllers/game_controller.rb:23:in `rps'


  Rendered C:/RailsInstaller/Ruby2.2.0/lib/ruby/gems/2.2.0/gems/actionpack-4.2.6/lib/action_dispatch/middleware/templates/rescues/_source.erb (0.0ms)
  Rendered C:/RailsInstaller/Ruby2.2.0/lib/ruby/gems/2.2.0/gems/actionpack-4.2.6/lib/action_dispatch/middleware/templates/rescues/_trace.html.erb (3.0ms)
  Rendered C:/RailsInstaller/Ruby2.2.0/lib/ruby/gems/2.2.0/gems/actionpack-4.2.6/lib/action_dispatch/middleware/templates/rescues/_request_and_response.html.erb (1.0ms)
  Rendered C:/RailsInstaller/Ruby2.2.0/lib/ruby/gems/2.2.0/gems/actionpack-4.2.6/lib/action_dispatch/middleware/templates/rescues/diagnostics.html.erb within rescues/layout (582.1ms)
  Rendered C:/RailsInstaller/Ruby2.2.0/lib/ruby/gems/2.2.0/gems/web-console-2.3.0/lib/web_console/templates/_markup.html.erb (1.0ms)
  Rendered C:/RailsInstaller/Ruby2.2.0/lib/ruby/gems/2.2.0/gems/web-console-2.3.0/lib/web_console/templates/_inner_console_markup.html.erb within layouts/inlined_string (0.0ms)
  Rendered C:/RailsInstaller/Ruby2.2.0/lib/ruby/gems/2.2.0/gems/web-console-2.3.0/lib/web_console/templates/_prompt_box_markup.html.erb within layouts/inlined_string (0.0ms)
  Rendered C:/RailsInstaller/Ruby2.2.0/lib/ruby/gems/2.2.0/gems/web-console-2.3.0/lib/web_console/templates/style.css.erb within layouts/inlined_string (0.0ms)
  Rendered C:/RailsInstaller/Ruby2.2.0/lib/ruby/gems/2.2.0/gems/web-console-2.3.0/lib/web_console/templates/console.js.erb within layouts/javascript (548.1ms)
  Rendered C:/RailsInstaller/Ruby2.2.0/lib/ruby/gems/2.2.0/gems/web-console-2.3.0/lib/web_console/templates/main.js.erb within layouts/javascript (0.0ms)
  Rendered C:/RailsInstaller/Ruby2.2.0/lib/ruby/gems/2.2.0/gems/web-console-2.3.0/lib/web_console/templates/error_page.js.erb within layouts/javascript (0.0ms)
  Rendered C:/RailsInstaller/Ruby2.2.0/lib/ruby/gems/2.2.0/gems/web-console-2.3.0/lib/web_console/templates/index.html.erb (1259.1ms)


Started GET "/play/rock" for ::1 at 2016-04-22 13:36:02 -0500
Processing by GameController#rps as HTML
  Parameters: {"the_move"=>"rock"}
  Rendered game/rps.html.erb within layouts/application (1.0ms)
Completed 200 OK in 918ms (Views: 917.2ms | ActiveRecord: 0.0ms)


Started GET "/play/rock" for ::1 at 2016-04-22 13:36:06 -0500
Processing by GameController#rps as HTML
  Parameters: {"the_move"=>"rock"}
  Rendered game/rps.html.erb within layouts/application (0.0ms)
Completed 200 OK in 55ms (Views: 55.1ms | ActiveRecord: 0.0ms)


Started GET "/play/rock" for ::1 at 2016-04-22 13:36:21 -0500
Processing by GameController#rps as HTML
  Parameters: {"the_move"=>"rock"}
  Rendered game/rps.html.erb within layouts/application (0.0ms)
Completed 200 OK in 65ms (Views: 65.2ms | ActiveRecord: 0.0ms)


Started GET "/play/rock" for ::1 at 2016-04-22 13:36:27 -0500
Processing by GameController#rps as HTML
  Parameters: {"the_move"=>"rock"}
  Rendered game/rps.html.erb within layouts/application (0.0ms)
Completed 200 OK in 85ms (Views: 85.5ms | ActiveRecord: 0.0ms)


Started GET "/play/scissors" for ::1 at 2016-04-22 13:36:33 -0500
Processing by GameController#rps as HTML
  Parameters: {"the_move"=>"scissors"}
  Rendered game/rps.html.erb within layouts/application (0.0ms)
Completed 200 OK in 68ms (Views: 68.0ms | ActiveRecord: 0.0ms)


Started GET "/play/scissors" for ::1 at 2016-04-22 13:41:45 -0500
Processing by GameController#rps as HTML
  Parameters: {"the_move"=>"scissors"}
  Rendered game/rps.html.erb within layouts/application (0.0ms)
Completed 200 OK in 71ms (Views: 70.8ms | ActiveRecord: 0.0ms)


Started GET "/play/rock" for ::1 at 2016-04-22 13:41:51 -0500
Processing by GameController#rps as HTML
  Parameters: {"the_move"=>"rock"}
  Rendered game/rps.html.erb within layouts/application (0.0ms)
Completed 200 OK in 71ms (Views: 70.6ms | ActiveRecord: 0.0ms)


Started GET "/play/rock" for ::1 at 2016-04-22 13:47:31 -0500
Processing by GameController#rps as HTML
  Parameters: {"the_move"=>"rock"}
  Rendered game/rps.html.erb within layouts/application (0.0ms)
Completed 200 OK in 61ms (Views: 60.4ms | ActiveRecord: 0.0ms)


Started GET "/play/scissors" for ::1 at 2016-04-22 13:47:36 -0500
Processing by GameController#rps as HTML
  Parameters: {"the_move"=>"scissors"}
  Rendered game/rps.html.erb within layouts/application (0.0ms)
Completed 200 OK in 53ms (Views: 52.7ms | ActiveRecord: 0.0ms)


Started GET "/play/scissors" for ::1 at 2016-04-22 13:47:39 -0500
Processing by GameController#rps as HTML
  Parameters: {"the_move"=>"scissors"}
  Rendered game/rps.html.erb within layouts/application (0.0ms)
Completed 200 OK in 65ms (Views: 64.7ms | ActiveRecord: 0.0ms)


Started GET "/play/scissors" for ::1 at 2016-04-22 13:47:42 -0500
Processing by GameController#rps as HTML
  Parameters: {"the_move"=>"scissors"}
  Rendered game/rps.html.erb within layouts/application (0.0ms)
Completed 200 OK in 62ms (Views: 61.6ms | ActiveRecord: 0.0ms)


Started GET "/play/scissors" for ::1 at 2016-04-22 13:47:44 -0500
Processing by GameController#rps as HTML
  Parameters: {"the_move"=>"scissors"}
  Rendered game/rps.html.erb within layouts/application (1.0ms)
Completed 200 OK in 69ms (Views: 68.6ms | ActiveRecord: 0.0ms)


Started GET "/play/scissors" for ::1 at 2016-04-22 13:47:46 -0500
Processing by GameController#rps as HTML
  Parameters: {"the_move"=>"scissors"}
  Rendered game/rps.html.erb within layouts/application (0.0ms)
Completed 200 OK in 66ms (Views: 65.4ms | ActiveRecord: 0.0ms)
